/*
=============================================================================
NFSA Summary for input file <StepP21Lex.LEX>
=============================================================================
Total NFSA states = 2212
Number of Start Conditions = 1
Start condition INITIAL:
  number of patterns = 40, number of nfsa states = 469, accept states = 40
=============================================================================
GPLEX: NFSA built.   16 msec
=============================================================================
GPLEX: DFSA built.  450 msec
=============================================================================
GPLEX: DFSA minimized.   27 msec
=============================================================================
GPLEX: Shortest strings found.    3 msec
=============================================================================
DFSA Summary
=============================================================================
Number of dfsa instances = 1
Start condition INITIAL:
  number of dfsa states = 172, number of accept states = 102
=============================================================================
GPLEX: C# file emitted.   32 msec
=============================================================================
GPLEX Summary
=============================================================================
Total number of states = 149, total accept states = 89, backup states = 20
Original state number was 173, minimized machine has 149 states
Nextstate table compression was 77.20%, 8,698 entries Vs 38,144

Backup state report --- 
In <0>, after "\"" automaton could accept "[^)]" in state 8
--- after ''0'' automaton is in a non-accept state and might need to backup

In <0>, after "&" automaton could accept "[^)]" in state 11
--- after ''S'' automaton is in a non-accept state and might need to backup

In <0>, after "'" automaton could accept "[^)]" in state 12
--- after ''\0'' automaton is in a non-accept state and might need to backup

In <0>, after "." automaton could accept "[^)]" in state 18
--- after ''A'' automaton is in a non-accept state and might need to backup

In <0>, after "ISO" automaton could accept "[a-zA-Z0-9_]+" in state 34
--- after ''-'' automaton is in a non-accept state and might need to backup

In <0>, after "END" automaton could accept "[a-zA-Z0-9_]+" in state 43
--- after ''-'' automaton is in a non-accept state and might need to backup

In <0>, after "+." automaton could accept "[\-\+\.0-9][\.0-9]+" in state 62
--- after ''E'' automaton is in a non-accept state and might need to backup

In <0>, after ".0" automaton could accept "[\-\+\.0-9][\.0-9]+" in state 68
--- after ''A'' automaton is in a non-accept state and might need to backup

In <0>, after ".0E0" automaton could accept "[\-\+\.0-9][\.0-9]+E[\-\+0-9][0-9]*" in state 72
--- after ''A'' automaton is in a non-accept state and might need to backup

In <0>, after "+0" automaton could accept "[\-\+0-9][0-9]*" in state 73
--- after ''E'' automaton is in a non-accept state and might need to backup

In <0>, after "''" automaton could accept "[\']([\n]|[\000\011-\046\050-\176\201-\237\240-\377]|[\047][\047]|[^\\][^X][^0](\\\'))*[\']" in state 75
--- after ''\0'' automaton is in a non-accept state and might need to backup

In <0>, after "'\t'" automaton could accept "[\']([\n]|[\000\011-\046\050-\176\201-\237\240-\377]|[\047][\047]|[^\\][^X][^0](\\\'))*[\']" in state 76
--- after ''\0'' automaton is in a non-accept state and might need to backup

In <0>, after "'\t\\'" automaton could accept "[\']([\n]|[\000\011-\046\050-\176\201-\237\240-\377]|[\047][\047]|[^\\][^X][^0](\\\'))*[\']" in state 77
--- after ''\0'' automaton is in a non-accept state and might need to backup

In <0>, after "'\t\t\\\\'" automaton could accept "[\']([\n]|[\000\011-\046\050-\176\201-\237\240-\377]|[\047][\047]|[^\\][^X][^0](\\\'))*[\']" in state 78
--- after ''\0'' automaton is in a non-accept state and might need to backup

In <0>, after "'\t\t\t\\''" automaton could accept "[\']([\n]|[\000\011-\046\050-\176\201-\237\240-\377]|[\047][\047]|[^\\][^X][^0](\\\'))*[\']" in state 79
--- after ''\0'' automaton is in a non-accept state and might need to backup

In <0>, after "'\t\t\t\\'''" automaton could accept "[\']([\n]|[\000\011-\046\050-\176\201-\237\240-\377]|[\047][\047]|[^\\][^X][^0](\\\'))*[\']" in state 80
--- after ''\0'' automaton is in a non-accept state and might need to backup

In <0>, after "'\t\t\t\\'" automaton could accept "[\']([\n]|[\000\011-\046\050-\176\201-\237\240-\377]|[\047][\047]|[^\\][^X][^0](\\\'))*[\']" in state 81
--- after ''\0'' automaton is in a non-accept state and might need to backup

In <0>, after "'\t\t'" automaton could accept "[\']([\n]|[\000\011-\046\050-\176\201-\237\240-\377]|[\047][\047]|[^\\][^X][^0](\\\'))*[\']" in state 82
--- after ''\0'' automaton is in a non-accept state and might need to backup

In <0>, after "'\\X\\\\X0\\'" automaton could accept "(\'\\X[24]?\\)[0-9A-F]*(\\X0\\\')" in state 83
--- after ''\0'' automaton is in a non-accept state and might need to backup

In <0>, after "#0" automaton could accept "#[0-9]+" in state 85
--- after ''\t'' automaton is in a non-accept state and might need to backup

=============================================================================
 */
